### feff starts at Sun Aug 13 20:29:28 EDT 2023
### Serial version
### FeffPath is /sdcc/u/mcarbone/software/JFEFF/hsw/feff90/linux
 
Launching FEFF version FEFF 9.9.1
Core hole lifetime is   1.729 eV.
Your calculation:
 comment: None given
 Source:
 Structure Summary:  Li2 Cu1 O2
 Reduced formula:  Li2CuO2
 space group: (Immm), space number:  (71)
 abc:  5.199046   5.199046   5.199046
 angles:147.485101 138.194230  53.937984
 sites: 5
Cu K edge XANES using RPA corehole.
Using:     * Self-Consistent Field potentials
Using cards:   ATOMS CONTROL EXCHANGE TITLE RPATH POTENTIALS XANES EDGE SCF FMS S02 COREHOLE EGRID

Calculating atomic potentials ...
    overlapped atomic potential and density for unique potential    0
    overlapped atomic potential and density for unique potential    1
    overlapped atomic potential and density for unique potential    2
    overlapped atomic potential and density for unique potential    3
Done with module: atomic potentials.

Calculating SCF potentials ...
FEFF-serial using 1 thread.
Muffin tin radii and interstitial parameters [bohr]:
type, norman radius, muffin tin, overlap factor
    0  1.31290E+00  1.22729E+00  1.15000E+00
    1  1.25436E+00  1.19047E+00  1.14315E+00
    2  1.31290E+00  1.22729E+00  1.15000E+00
    3  1.11929E+00  1.05889E+00  1.15000E+00
Core-valence separation energy:  ecv=   -40.000 eV
Initial Fermi level:              mu=    -1.924 eV
SCF ITERATION NUMBER  1
     point #   1  energy = -40.000
FMS for a cluster of  139 atoms around atom type   0
FMS for a cluster of  142 atoms around atom type   1
FMS for a cluster of  131 atoms around atom type   2
FMS for a cluster of  147 atoms around atom type   3
     point #  20  energy = -28.946
     point #  40  energy =  -8.696
     point #  60  energy =  -4.896
     point #  80  energy =  -4.175
New Fermi level:    mu=  -4.181 eV  Charge distance=  0.5258 (partial c.d.=  7.2727)
SCF ITERATION NUMBER  1
     point #   1  energy = -40.000
FMS for a cluster of  139 atoms around atom type   0
FMS for a cluster of  142 atoms around atom type   1
FMS for a cluster of  131 atoms around atom type   2
FMS for a cluster of  147 atoms around atom type   3
     point #  20  energy = -28.743
     point #  40  energy =  -8.275
     point #  60  energy =  -4.181
     point #  80  energy =  -5.759
     point # 100  energy = -10.341
     point # 120  energy = -10.972
New Fermi level:    mu= -11.112 eV  Charge distance=  0.0985 (partial c.d.=  2.6165)
SCF ITERATION NUMBER  1
     point #   1  energy = -40.000
FMS for a cluster of  139 atoms around atom type   0
FMS for a cluster of  142 atoms around atom type   1
FMS for a cluster of  131 atoms around atom type   2
FMS for a cluster of  147 atoms around atom type   3
     point #  20  energy = -29.042
     point #  40  energy = -11.112
     point #  60  energy = -11.021
     point #  80  energy =  -8.840
     point # 100  energy =  -9.312
New Fermi level:    mu=  -9.358 eV  Charge distance=  0.0500 (partial c.d.=  0.4848)
SCF ITERATION NUMBER  2
     point #   1  energy = -40.000
     point #  20  energy = -28.765
     point #  40  energy =  -9.358
     point #  60  energy =  -9.295
New Fermi level:    mu=  -9.191 eV  Charge distance=  0.2856 (partial c.d.=  0.5387)
SCF ITERATION NUMBER  3
     point #   1  energy = -40.000
     point #  20  energy = -28.703
     point #  40  energy =  -9.191
     point #  60  energy =  -9.100
     point #  80  energy =  -8.697
New Fermi level:    mu=  -8.748 eV  Charge distance=  0.0674 (partial c.d.=  1.1035)
SCF ITERATION NUMBER  4
     point #   1  energy = -40.000
     point #  20  energy = -28.910
     point #  40  energy =  -8.748
     point #  60  energy =  -8.816
New Fermi level:    mu=  -8.926 eV  Charge distance=  0.1059 (partial c.d.=  0.1153)
SCF ITERATION NUMBER  5
     point #   1  energy = -40.000
     point #  20  energy = -28.974
     point #  40  energy =  -8.926
New Fermi level:    mu=  -8.962 eV  Charge distance=  0.0952 (partial c.d.=  0.2257)
SCF ITERATION NUMBER  6
     point #   1  energy = -40.000
     point #  20  energy = -28.987
     point #  40  energy =  -8.962
     point #  60  energy =  -9.031
New Fermi level:    mu=  -9.126 eV  Charge distance=  0.0501 (partial c.d.=  0.8197)
SCF ITERATION NUMBER  7
     point #   1  energy = -40.000
     point #  20  energy = -28.680
     point #  40  energy =  -9.126
New Fermi level:    mu=  -9.151 eV  Charge distance=  0.0208 (partial c.d.=  0.7350)
SCF ITERATION NUMBER  8
     point #   1  energy = -40.000
     point #  20  energy = -28.689
     point #  40  energy =  -9.151
New Fermi level:    mu=  -9.164 eV  Charge distance=  0.0599 (partial c.d.=  0.0457)
SCF ITERATION NUMBER  9
     point #   1  energy = -40.000
     point #  20  energy = -28.694
     point #  40  energy =  -9.164
New Fermi level:    mu=  -9.185 eV  Charge distance=  0.0144 (partial c.d.=  0.2498)
SCF ITERATION NUMBER 10
     point #   1  energy = -40.000
     point #  20  energy = -28.701
     point #  40  energy =  -9.185
New Fermi level:    mu=  -9.173 eV  Charge distance=  0.0078 (partial c.d.=  0.1547)
SCF ITERATION NUMBER 11
     point #   1  energy = -40.000
     point #  20  energy = -28.697
     point #  40  energy =  -9.173
New Fermi level:    mu=  -9.174 eV  Charge distance=  0.0110 (partial c.d.=  0.0318)
SCF ITERATION NUMBER 12
     point #   1  energy = -40.000
     point #  20  energy = -28.697
     point #  40  energy =  -9.174
New Fermi level:    mu=  -9.170 eV  Charge distance=  0.0019 (partial c.d.=  0.0579)
SCF ITERATION NUMBER 13
     point #   1  energy = -40.000
     point #  20  energy = -28.696
     point #  40  energy =  -9.170
New Fermi level:    mu=  -9.171 eV  Charge distance=  0.0007 (partial c.d.=  0.0177)
SCF ITERATION NUMBER 14
     point #   1  energy = -40.000
     point #  20  energy = -28.696
     point #  40  energy =  -9.171
New Fermi level:    mu=  -9.171 eV  Charge distance=  0.0009 (partial c.d.=  0.0039)
SCF ITERATION NUMBER 15
     point #   1  energy = -40.000
     point #  20  energy = -28.696
     point #  40  energy =  -9.171
New Fermi level:    mu=  -9.171 eV  Charge distance=  0.0003 (partial c.d.=  0.0040)
SCF ITERATION NUMBER 16
     point #   1  energy = -40.000
     point #  20  energy = -28.696
     point #  40  energy =  -9.171
New Fermi level:    mu=  -9.171 eV  Charge distance=  0.0001 (partial c.d.=  0.0010)
SCF ITERATION NUMBER 17
     point #   1  energy = -40.000
     point #  20  energy = -28.696
     point #  40  energy =  -9.171
New Fermi level:    mu=  -9.171 eV  Charge distance=  0.0000 (partial c.d.=  0.0000)
Electronic configuration
  type     l     N_el
     0     0    0.495
     0     1    0.574
     0     2    9.438
     0     3    0.000
     1     0    0.252
     1     1    0.549
     1     2    0.000
     1     3    0.000
     2     0    0.495
     2     1    0.574
     2     2    9.437
     2     3    0.000
     3     0    1.859
     3     1    4.534
     3     2    0.054
     3     3    0.000
Charge transfer:  type  charge
       0   -0.493
       1   -0.198
       2   -0.494
       3    0.448
Convergence reached in   17 iterations.
Done with module: potentials.

Calculating screened core-hole potential ...
FMS for a cluster of   27 atoms around iph =   0
    0% of energy integration
   20%
   40%
   60%
   80%
  100%
Preparing response function.
Computing (1 - K Chi0)^-1 v_ch
Done with module: screened core-hole potential.

Calculating cross-section and phases ...
    absorption cross section
 x0,dx,rnrm,inrm,jnrm   8.80000000000000       5.000000000000000E-002
   2.48102614299988              195         196
    phase shifts for unique potential    0
    phase shifts for unique potential    1
    phase shifts for unique potential    2
    phase shifts for unique potential    3
Done with module: cross-section and phases (XSPH).

FMS calculation of full Green's function ...
FEFF-serial using 1 thread.
Using   194 energy points.
xprep done
FMS for a cluster of  319 atoms
Energy point    1/ 194
Energy point   10/ 194
Energy point   20/ 194
Energy point   30/ 194
Energy point   40/ 194
Energy point   50/ 194
Energy point   60/ 194
Energy point   70/ 194
Energy point   80/ 194
Energy point   90/ 194
Energy point  100/ 194
Energy point  110/ 194
Energy point  120/ 194
Energy point  130/ 194
Energy point  140/ 194
Energy point  150/ 194
Energy point  160/ 194
Energy point  170/ 194
Energy point  180/ 194
Energy point  190/ 194
Done with module: FMS.

MKGTR: Tracing over Green's function ...
Done with module: MKGTR.

Pathfinder: finding scattering paths...
Preparing plane wave scattering amplitudes
Searching for paths
Eliminating path degeneracies
0 paths retained.
Done with module: pathfinder.

Calculating EXAFS parameters ...
Done with module: EXAFS parameters (GENFMT).

Calculating XAS spectra ...
Done with module: XAS spectra (FF2X: DW + final sum over paths).

 
### feff ends at Sun Aug 13 22:29:18 EDT 2023
 
