### feff starts at Sun Aug 13 20:29:28 EDT 2023
### Serial version
### FeffPath is /sdcc/u/mcarbone/software/JFEFF/hsw/feff90/linux
 
Launching FEFF version FEFF 9.9.1
Core hole lifetime is   1.729 eV.
Your calculation:
 comment: None given
 Source:
 Structure Summary:  Cu3 P2 O8
 Reduced formula:  Cu3(PO4)2
 space group: (P-1), space number:  (2)
 abc:  4.909249   5.610879   6.250420
 angles:106.532787  87.183852 112.393001
 sites: 13
Cu K edge XANES using RPA corehole.
Using:     * Self-Consistent Field potentials
Using cards:   ATOMS CONTROL EXCHANGE TITLE RPATH POTENTIALS XANES EDGE SCF FMS S02 COREHOLE EGRID

Calculating atomic potentials ...
    overlapped atomic potential and density for unique potential    0
    overlapped atomic potential and density for unique potential    1
    overlapped atomic potential and density for unique potential    2
    overlapped atomic potential and density for unique potential    3
Done with module: atomic potentials.

Calculating SCF potentials ...
FEFF-serial using 1 thread.
Muffin tin radii and interstitial parameters [bohr]:
type, norman radius, muffin tin, overlap factor
    0  1.34787E+00  1.27671E+00  1.14949E+00
    1  1.34787E+00  1.27671E+00  1.14949E+00
    2  1.15755E+00  9.40969E-01  1.15000E+00
    3  1.04492E+00  8.79712E-01  1.15000E+00
Core-valence separation energy:  ecv=   -40.000 eV
Initial Fermi level:              mu=     6.755 eV
SCF ITERATION NUMBER  1
     point #   1  energy = -40.000
FMS for a cluster of  124 atoms around atom type   0
FMS for a cluster of  119 atoms around atom type   1
FMS for a cluster of  114 atoms around atom type   2
FMS for a cluster of  123 atoms around atom type   3
     point #  20  energy = -28.831
     point #  40  energy =  -8.581
     point #  60  energy =  -2.541
     point #  80  energy =  -2.722
New Fermi level:    mu=  -2.740 eV  Charge distance=  0.4114 (partial c.d.=  7.6511)
SCF ITERATION NUMBER  1
     point #   1  energy = -40.000
FMS for a cluster of  124 atoms around atom type   0
FMS for a cluster of  119 atoms around atom type   1
FMS for a cluster of  114 atoms around atom type   2
FMS for a cluster of  123 atoms around atom type   3
     point #  20  energy = -28.923
     point #  40  energy =  -8.782
     point #  60  energy =  -2.740
     point #  80  energy =  -4.253
     point # 100  energy =  -7.243
New Fermi level:    mu=  -7.100 eV  Charge distance=  0.1390 (partial c.d.=  2.3919)
SCF ITERATION NUMBER  1
     point #   1  energy = -40.000
FMS for a cluster of  124 atoms around atom type   0
FMS for a cluster of  119 atoms around atom type   1
FMS for a cluster of  114 atoms around atom type   2
FMS for a cluster of  123 atoms around atom type   3
     point #  20  energy = -28.691
     point #  40  energy =  -8.128
     point #  60  energy =  -7.060
     point #  80  energy =  -6.328
New Fermi level:    mu=  -6.506 eV  Charge distance=  0.1001 (partial c.d.=  0.3831)
SCF ITERATION NUMBER  2
     point #   1  energy = -40.000
     point #  20  energy = -28.835
     point #  40  energy =  -8.536
     point #  60  energy =  -6.481
New Fermi level:    mu=  -6.373 eV  Charge distance=  0.2936 (partial c.d.=  0.0677)
SCF ITERATION NUMBER  3
     point #   1  energy = -40.000
     point #  20  energy = -28.791
     point #  40  energy =  -8.411
     point #  60  energy =  -6.386
New Fermi level:    mu=  -6.498 eV  Charge distance=  0.0530 (partial c.d.=  0.0758)
SCF ITERATION NUMBER  4
     point #   1  energy = -40.000
     point #  20  energy = -28.833
     point #  40  energy =  -8.528
     point #  60  energy =  -6.473
New Fermi level:    mu=  -6.476 eV  Charge distance=  0.0236 (partial c.d.=  0.0730)
SCF ITERATION NUMBER  5
     point #   1  energy = -40.000
     point #  20  energy = -28.825
     point #  40  energy =  -8.508
     point #  60  energy =  -6.501
New Fermi level:    mu=  -6.520 eV  Charge distance=  0.0061 (partial c.d.=  0.0212)
SCF ITERATION NUMBER  6
     point #   1  energy = -40.000
     point #  20  energy = -28.840
     point #  40  energy =  -8.549
     point #  60  energy =  -6.545
New Fermi level:    mu=  -6.534 eV  Charge distance=  0.0073 (partial c.d.=  0.0052)
SCF ITERATION NUMBER  7
     point #   1  energy = -40.000
     point #  20  energy = -28.845
     point #  40  energy =  -8.562
New Fermi level:    mu=  -6.538 eV  Charge distance=  0.0024 (partial c.d.=  0.0041)
SCF ITERATION NUMBER  8
     point #   1  energy = -40.000
     point #  20  energy = -28.846
     point #  40  energy =  -8.566
New Fermi level:    mu=  -6.532 eV  Charge distance=  0.0042 (partial c.d.=  0.0024)
SCF ITERATION NUMBER  9
     point #   1  energy = -40.000
     point #  20  energy = -28.844
     point #  40  energy =  -8.561
New Fermi level:    mu=  -6.524 eV  Charge distance=  0.0005 (partial c.d.=  0.0024)
SCF ITERATION NUMBER 10
     point #   1  energy = -40.000
     point #  20  energy = -28.841
     point #  40  energy =  -8.553
New Fermi level:    mu=  -6.523 eV  Charge distance=  0.0002 (partial c.d.=  0.0024)
SCF ITERATION NUMBER 11
     point #   1  energy = -40.000
     point #  20  energy = -28.841
     point #  40  energy =  -8.552
New Fermi level:    mu=  -6.524 eV  Charge distance=  0.0000 (partial c.d.=  0.0007)
SCF ITERATION NUMBER 12
     point #   1  energy = -40.000
     point #  20  energy = -28.841
     point #  40  energy =  -8.553
New Fermi level:    mu=  -6.524 eV  Charge distance=  0.0001 (partial c.d.=  0.0000)
Electronic configuration
  type     l     N_el
     0     0    0.494
     0     1    0.617
     0     2    9.586
     0     3    0.000
     1     0    0.494
     1     1    0.618
     1     2    9.585
     1     3    0.000
     2     0    1.203
     2     1    2.062
     2     2    1.027
     2     3    0.000
     3     0    1.837
     3     1    4.373
     3     2    0.081
     3     3    0.000
Charge transfer:  type  charge
       0   -0.303
       1   -0.304
       2   -0.709
       3    0.291
Convergence reached in   12 iterations.
Done with module: potentials.

Calculating screened core-hole potential ...
FMS for a cluster of   22 atoms around iph =   0
    0% of energy integration
   20%
   40%
   60%
   80%
  100%
Preparing response function.
Computing (1 - K Chi0)^-1 v_ch
Done with module: screened core-hole potential.

Calculating cross-section and phases ...
    absorption cross section
 x0,dx,rnrm,inrm,jnrm   8.80000000000000       5.000000000000000E-002
   2.54710913900006              195         196
    phase shifts for unique potential    0
    phase shifts for unique potential    1
    phase shifts for unique potential    2
    phase shifts for unique potential    3
Done with module: cross-section and phases (XSPH).

FMS calculation of full Green's function ...
FEFF-serial using 1 thread.
Using   194 energy points.
xprep done
FMS for a cluster of  251 atoms
Energy point    1/ 194
Energy point   10/ 194
Energy point   20/ 194
Energy point   30/ 194
Energy point   40/ 194
Energy point   50/ 194
Energy point   60/ 194
Energy point   70/ 194
Energy point   80/ 194
Energy point   90/ 194
Energy point  100/ 194
Energy point  110/ 194
Energy point  120/ 194
Energy point  130/ 194
Energy point  140/ 194
Energy point  150/ 194
Energy point  160/ 194
Energy point  170/ 194
Energy point  180/ 194
Energy point  190/ 194
Done with module: FMS.

MKGTR: Tracing over Green's function ...
Done with module: MKGTR.

Pathfinder: finding scattering paths...
Preparing plane wave scattering amplitudes
Searching for paths
Eliminating path degeneracies
0 paths retained.
Done with module: pathfinder.

Calculating EXAFS parameters ...
Done with module: EXAFS parameters (GENFMT).

Calculating XAS spectra ...
Done with module: XAS spectra (FF2X: DW + final sum over paths).

 
### feff ends at Sun Aug 13 22:11:05 EDT 2023
 
