### feff starts at Sun Aug 13 20:29:28 EDT 2023
### Serial version
### FeffPath is /sdcc/u/mcarbone/software/JFEFF/hsw/feff90/linux
 
Launching FEFF version FEFF 9.9.1
Core hole lifetime is   1.729 eV.
Your calculation:
 comment: None given
 Source:
 Structure Summary:  Cu3 P2 O8
 Reduced formula:  Cu3(PO4)2
 space group: (P-1), space number:  (2)
 abc:  4.909249   5.610879   6.250420
 angles:106.532787  87.183852 112.393001
 sites: 13
Cu K edge XANES using RPA corehole.
Using:     * Self-Consistent Field potentials
Using cards:   ATOMS CONTROL EXCHANGE TITLE RPATH POTENTIALS XANES EDGE SCF FMS S02 COREHOLE EGRID

Calculating atomic potentials ...
    overlapped atomic potential and density for unique potential    0
    overlapped atomic potential and density for unique potential    1
    overlapped atomic potential and density for unique potential    2
    overlapped atomic potential and density for unique potential    3
Done with module: atomic potentials.

Calculating SCF potentials ...
FEFF-serial using 1 thread.
Muffin tin radii and interstitial parameters [bohr]:
type, norman radius, muffin tin, overlap factor
    0  1.33353E+00  1.26187E+00  1.15000E+00
    1  1.34787E+00  1.27737E+00  1.14783E+00
    2  1.15755E+00  9.42988E-01  1.15000E+00
    3  1.04019E+00  9.24064E-01  1.15000E+00
Core-valence separation energy:  ecv=   -40.000 eV
Initial Fermi level:              mu=     6.325 eV
SCF ITERATION NUMBER  1
     point #   1  energy = -40.000
FMS for a cluster of  121 atoms around atom type   0
FMS for a cluster of  114 atoms around atom type   1
FMS for a cluster of  120 atoms around atom type   2
FMS for a cluster of  123 atoms around atom type   3
     point #  20  energy = -28.906
     point #  40  energy =  -8.656
     point #  60  energy =  -2.800
     point #  80  energy =  -2.644
New Fermi level:    mu=  -2.646 eV  Charge distance=  0.4635 (partial c.d.=  7.8624)
SCF ITERATION NUMBER  1
     point #   1  energy = -40.000
FMS for a cluster of  121 atoms around atom type   0
FMS for a cluster of  114 atoms around atom type   1
FMS for a cluster of  120 atoms around atom type   2
FMS for a cluster of  123 atoms around atom type   3
     point #  20  energy = -28.895
     point #  40  energy =  -8.703
     point #  60  energy =  -2.646
     point #  80  energy =  -4.159
     point # 100  energy =  -7.349
     point # 120  energy =  -7.830
New Fermi level:    mu=  -8.049 eV  Charge distance=  0.1492 (partial c.d.=  2.6331)
SCF ITERATION NUMBER  1
     point #   1  energy = -40.000
FMS for a cluster of  121 atoms around atom type   0
FMS for a cluster of  114 atoms around atom type   1
FMS for a cluster of  120 atoms around atom type   2
FMS for a cluster of  123 atoms around atom type   3
     point #  20  energy = -29.017
     point #  40  energy =  -9.048
     point #  60  energy =  -8.009
     point #  80  energy =  -6.193
     point # 100  energy =  -6.412
New Fermi level:    mu=  -6.584 eV  Charge distance=  0.0968 (partial c.d.=  0.3577)
SCF ITERATION NUMBER  2
     point #   1  energy = -40.000
     point #  20  energy = -28.861
     point #  40  energy =  -8.610
     point #  60  energy =  -6.572
     point #  80  energy =  -6.134
New Fermi level:    mu=  -6.356 eV  Charge distance=  0.2346 (partial c.d.=  0.1274)
SCF ITERATION NUMBER  3
     point #   1  energy = -40.000
     point #  20  energy = -28.785
     point #  40  energy =  -8.395
     point #  60  energy =  -6.381
New Fermi level:    mu=  -6.458 eV  Charge distance=  0.0939 (partial c.d.=  0.1114)
SCF ITERATION NUMBER  4
     point #   1  energy = -40.000
     point #  20  energy = -28.819
     point #  40  energy =  -8.491
     point #  60  energy =  -6.483
New Fermi level:    mu=  -6.501 eV  Charge distance=  0.0246 (partial c.d.=  0.1387)
SCF ITERATION NUMBER  5
     point #   1  energy = -40.000
     point #  20  energy = -28.834
     point #  40  energy =  -8.532
     point #  60  energy =  -6.526
New Fermi level:    mu=  -6.551 eV  Charge distance=  0.0026 (partial c.d.=  0.0687)
SCF ITERATION NUMBER  6
     point #   1  energy = -40.000
     point #  20  energy = -28.850
     point #  40  energy =  -8.578
     point #  60  energy =  -6.576
New Fermi level:    mu=  -6.570 eV  Charge distance=  0.0077 (partial c.d.=  0.0169)
SCF ITERATION NUMBER  7
     point #   1  energy = -40.000
     point #  20  energy = -28.857
     point #  40  energy =  -8.596
     point #  60  energy =  -6.595
New Fermi level:    mu=  -6.583 eV  Charge distance=  0.0045 (partial c.d.=  0.0052)
SCF ITERATION NUMBER  8
     point #   1  energy = -40.000
     point #  20  energy = -28.861
     point #  40  energy =  -8.609
New Fermi level:    mu=  -6.578 eV  Charge distance=  0.0039 (partial c.d.=  0.0051)
SCF ITERATION NUMBER  9
     point #   1  energy = -40.000
     point #  20  energy = -28.859
     point #  40  energy =  -8.603
New Fermi level:    mu=  -6.566 eV  Charge distance=  0.0020 (partial c.d.=  0.0009)
SCF ITERATION NUMBER 10
     point #   1  energy = -40.000
     point #  20  energy = -28.855
     point #  40  energy =  -8.593
New Fermi level:    mu=  -6.562 eV  Charge distance=  0.0004 (partial c.d.=  0.0009)
SCF ITERATION NUMBER 11
     point #   1  energy = -40.000
     point #  20  energy = -28.854
     point #  40  energy =  -8.589
New Fermi level:    mu=  -6.563 eV  Charge distance=  0.0000 (partial c.d.=  0.0001)
Electronic configuration
  type     l     N_el
     0     0    0.504
     0     1    0.655
     0     2    9.544
     0     3    0.000
     1     0    0.491
     1     1    0.635
     1     2    9.585
     1     3    0.000
     2     0    1.202
     2     1    2.076
     2     2    1.045
     2     3    0.000
     3     0    1.811
     3     1    4.383
     3     2    0.084
     3     3    0.000
Charge transfer:  type  charge
       0   -0.297
       1   -0.289
       2   -0.677
       3    0.278
Convergence reached in   11 iterations.
Done with module: potentials.

Calculating screened core-hole potential ...
FMS for a cluster of   23 atoms around iph =   0
    0% of energy integration
   20%
   40%
   60%
   80%
  100%
Preparing response function.
Computing (1 - K Chi0)^-1 v_ch
Done with module: screened core-hole potential.

Calculating cross-section and phases ...
    absorption cross section
 x0,dx,rnrm,inrm,jnrm   8.80000000000000       5.000000000000000E-002
   2.51999928799998              195         196
    phase shifts for unique potential    0
    phase shifts for unique potential    1
    phase shifts for unique potential    2
    phase shifts for unique potential    3
Done with module: cross-section and phases (XSPH).

FMS calculation of full Green's function ...
FEFF-serial using 1 thread.
Using   194 energy points.
xprep done
FMS for a cluster of  261 atoms
Energy point    1/ 194
Energy point   10/ 194
Energy point   20/ 194
Energy point   30/ 194
Energy point   40/ 194
Energy point   50/ 194
Energy point   60/ 194
Energy point   70/ 194
Energy point   80/ 194
Energy point   90/ 194
Energy point  100/ 194
Energy point  110/ 194
Energy point  120/ 194
Energy point  130/ 194
Energy point  140/ 194
Energy point  150/ 194
Energy point  160/ 194
Energy point  170/ 194
Energy point  180/ 194
Energy point  190/ 194
Done with module: FMS.

MKGTR: Tracing over Green's function ...
Done with module: MKGTR.

Pathfinder: finding scattering paths...
Preparing plane wave scattering amplitudes
Searching for paths
Eliminating path degeneracies
0 paths retained.
Done with module: pathfinder.

Calculating EXAFS parameters ...
Done with module: EXAFS parameters (GENFMT).

Calculating XAS spectra ...
Done with module: XAS spectra (FF2X: DW + final sum over paths).

 
### feff ends at Sun Aug 13 22:17:15 EDT 2023
 
