### feff starts at Mon Aug 14 00:05:28 EDT 2023
### Serial version
### FeffPath is /sdcc/u/mcarbone/software/JFEFF/hsw/feff90/linux
 
Launching FEFF version FEFF 9.9.1
Core hole lifetime is   1.729 eV.
Your calculation:
 comment: None given
 Source:
 Structure Summary:  Cu6 B12 O24
 Reduced formula:  Cu(BO2)2
 space group: (I-42d), space number:  (122)
 abc:  8.672440   8.672440   8.672440
 angles: 96.141297  96.141297 141.816831
 sites: 42
Cu K edge XANES using RPA corehole.
Using:     * Self-Consistent Field potentials
Using cards:   ATOMS CONTROL EXCHANGE TITLE RPATH POTENTIALS XANES EDGE SCF FMS S02 COREHOLE EGRID

Calculating atomic potentials ...
    overlapped atomic potential and density for unique potential    0
    overlapped atomic potential and density for unique potential    1
    overlapped atomic potential and density for unique potential    2
    overlapped atomic potential and density for unique potential    3
Done with module: atomic potentials.

Calculating SCF potentials ...
FEFF-serial using 1 thread.
Muffin tin radii and interstitial parameters [bohr]:
type, norman radius, muffin tin, overlap factor
    0  1.33484E+00  1.26782E+00  1.14070E+00
    1  1.37034E+00  1.30734E+00  1.12669E+00
    2  1.00471E+00  8.45323E-01  1.15000E+00
    3  1.01387E+00  8.79828E-01  1.15000E+00
Core-valence separation energy:  ecv=   -40.000 eV
Initial Fermi level:              mu=     6.182 eV
SCF ITERATION NUMBER  1
     point #   1  energy = -40.000
FMS for a cluster of  159 atoms around atom type   0
FMS for a cluster of  141 atoms around atom type   1
FMS for a cluster of  154 atoms around atom type   2
FMS for a cluster of  156 atoms around atom type   3
     point #  20  energy = -28.931
     point #  40  energy =  -8.681
     point #  60  energy =  -3.031
     point #  80  energy =  -2.565
New Fermi level:    mu=  -2.560 eV  Charge distance=  0.3092 (partial c.d.=  8.1506)
SCF ITERATION NUMBER  1
     point #   1  energy = -40.000
FMS for a cluster of  159 atoms around atom type   0
FMS for a cluster of  141 atoms around atom type   1
FMS for a cluster of  154 atoms around atom type   2
FMS for a cluster of  156 atoms around atom type   3
     point #  20  energy = -28.869
     point #  40  energy =  -8.632
     point #  60  energy =  -2.560
     point #  80  energy =  -4.073
     point # 100  energy =  -6.826
New Fermi level:    mu=  -7.061 eV  Charge distance=  0.0826 (partial c.d.=  1.7849)
SCF ITERATION NUMBER  1
     point #   1  energy = -40.000
FMS for a cluster of  159 atoms around atom type   0
FMS for a cluster of  141 atoms around atom type   1
FMS for a cluster of  154 atoms around atom type   2
FMS for a cluster of  156 atoms around atom type   3
     point #  20  energy = -29.020
     point #  40  energy =  -9.058
     point #  60  energy =  -7.049
     point #  80  energy =  -5.721
New Fermi level:    mu=  -5.746 eV  Charge distance=  0.0581 (partial c.d.=  0.2220)
SCF ITERATION NUMBER  2
     point #   1  energy = -40.000
     point #  20  energy = -28.918
     point #  40  energy =  -8.768
     point #  60  energy =  -5.733
     point #  80  energy =  -5.424
New Fermi level:    mu=  -5.418 eV  Charge distance=  0.1744 (partial c.d.=  0.0891)
SCF ITERATION NUMBER  3
     point #   1  energy = -40.000
     point #  20  energy = -28.812
     point #  40  energy =  -8.469
     point #  60  energy =  -5.405
New Fermi level:    mu=  -5.410 eV  Charge distance=  0.0324 (partial c.d.=  0.0667)
SCF ITERATION NUMBER  4
     point #   1  energy = -40.000
     point #  20  energy = -28.809
     point #  40  energy =  -8.462
     point #  60  energy =  -5.423
New Fermi level:    mu=  -5.425 eV  Charge distance=  0.0068 (partial c.d.=  0.0611)
SCF ITERATION NUMBER  5
     point #   1  energy = -40.000
     point #  20  energy = -28.814
     point #  40  energy =  -8.476
     point #  60  energy =  -5.437
New Fermi level:    mu=  -5.482 eV  Charge distance=  0.0042 (partial c.d.=  0.0142)
SCF ITERATION NUMBER  6
     point #   1  energy = -40.000
     point #  20  energy = -28.832
     point #  40  energy =  -8.528
     point #  60  energy =  -5.494
New Fermi level:    mu=  -5.514 eV  Charge distance=  0.0014 (partial c.d.=  0.0050)
SCF ITERATION NUMBER  7
     point #   1  energy = -40.000
     point #  20  energy = -28.843
     point #  40  energy =  -8.557
     point #  60  energy =  -5.527
New Fermi level:    mu=  -5.520 eV  Charge distance=  0.0006 (partial c.d.=  0.0020)
SCF ITERATION NUMBER  8
     point #   1  energy = -40.000
     point #  20  energy = -28.845
     point #  40  energy =  -8.563
     point #  60  energy =  -5.508
New Fermi level:    mu=  -5.517 eV  Charge distance=  0.0014 (partial c.d.=  0.0019)
SCF ITERATION NUMBER  9
     point #   1  energy = -40.000
     point #  20  energy = -28.844
     point #  40  energy =  -8.560
     point #  60  energy =  -5.529
New Fermi level:    mu=  -5.517 eV  Charge distance=  0.0001 (partial c.d.=  0.0006)
SCF ITERATION NUMBER 10
     point #   1  energy = -40.000
     point #  20  energy = -28.844
     point #  40  energy =  -8.560
     point #  60  energy =  -5.505
New Fermi level:    mu=  -5.517 eV  Charge distance=  0.0002 (partial c.d.=  0.0001)
Electronic configuration
  type     l     N_el
     0     0    0.519
     0     1    0.745
     0     2    9.622
     0     3    0.000
     1     0    0.493
     1     1    0.677
     1     2    9.680
     1     3    0.000
     2     0    0.816
     2     1    1.743
     2     2    0.000
     2     3    0.000
     3     0    1.772
     3     1    4.397
     3     2    0.089
     3     3    0.000
Charge transfer:  type  charge
       0   -0.114
       1   -0.150
       2   -0.441
       3    0.258
Convergence reached in   10 iterations.
Done with module: potentials.

Calculating screened core-hole potential ...
FMS for a cluster of   35 atoms around iph =   0
    0% of energy integration
   20%
   40%
   60%
   80%
  100%
Preparing response function.
Computing (1 - K Chi0)^-1 v_ch
Done with module: screened core-hole potential.

Calculating cross-section and phases ...
    absorption cross section
 x0,dx,rnrm,inrm,jnrm   8.80000000000000       5.000000000000000E-002
   2.52247580600000              195         196
    phase shifts for unique potential    0
    phase shifts for unique potential    1
    phase shifts for unique potential    2
    phase shifts for unique potential    3
Done with module: cross-section and phases (XSPH).

FMS calculation of full Green's function ...
FEFF-serial using 1 thread.
Using   194 energy points.
xprep done
FMS for a cluster of  349 atoms
Energy point    1/ 194
Energy point   10/ 194
Energy point   20/ 194
Energy point   30/ 194
Energy point   40/ 194
Energy point   50/ 194
Energy point   60/ 194
Energy point   70/ 194
Energy point   80/ 194
Energy point   90/ 194
Energy point  100/ 194
Energy point  110/ 194
Energy point  120/ 194
Energy point  130/ 194
Energy point  140/ 194
Energy point  150/ 194
Energy point  160/ 194
Energy point  170/ 194
Energy point  180/ 194
Energy point  190/ 194
Done with module: FMS.

MKGTR: Tracing over Green's function ...
Done with module: MKGTR.

Pathfinder: finding scattering paths...
Preparing plane wave scattering amplitudes
Searching for paths
Eliminating path degeneracies
0 paths retained.
Done with module: pathfinder.

Calculating EXAFS parameters ...
Done with module: EXAFS parameters (GENFMT).

Calculating XAS spectra ...
Done with module: XAS spectra (FF2X: DW + final sum over paths).

 
### feff ends at Mon Aug 14 02:36:14 EDT 2023
 
