### feff starts at Sun Aug 13 20:29:28 EDT 2023
### Serial version
### FeffPath is /sdcc/u/mcarbone/software/JFEFF/hsw/feff90/linux
 
Launching FEFF version FEFF 9.9.1
Resetting lmaxsc to 2 for iph =    1.  Use  UNFREEZE to prevent this.
Core hole lifetime is   1.729 eV.
Your calculation:
 comment: None given
 Source:
 Structure Summary:  Nd2 Cu4 O8
 Reduced formula:  Nd(CuO2)2
 space group: (I4_1/a), space number:  (88)
 abc:  6.393070   6.393070   6.393070
 angles:125.589122 125.589122  80.564502
 sites: 14
Cu K edge XANES using RPA corehole.
Using:     * Self-Consistent Field potentials
Using cards:   ATOMS CONTROL EXCHANGE TITLE RPATH POTENTIALS XANES EDGE SCF FMS S02 COREHOLE EGRID

Calculating atomic potentials ...
    overlapped atomic potential and density for unique potential    0
    overlapped atomic potential and density for unique potential    1
    overlapped atomic potential and density for unique potential    2
    overlapped atomic potential and density for unique potential    3
Done with module: atomic potentials.

Calculating SCF potentials ...
FEFF-serial using 1 thread.
Muffin tin radii and interstitial parameters [bohr]:
type, norman radius, muffin tin, overlap factor
    0  1.28650E+00  1.17994E+00  1.15000E+00
    1  1.78841E+00  1.71055E+00  1.11884E+00
    2  1.28650E+00  1.17994E+00  1.15000E+00
    3  1.11093E+00  1.05236E+00  1.14926E+00
Core-valence separation energy:  ecv=   -40.000 eV
Initial Fermi level:              mu=     0.378 eV
SCF ITERATION NUMBER  1
     point #   1  energy = -40.000
FMS for a cluster of  123 atoms around atom type   0
FMS for a cluster of  110 atoms around atom type   1
FMS for a cluster of  118 atoms around atom type   2
FMS for a cluster of  122 atoms around atom type   3
     point #  20  energy = -28.887
     point #  40  energy =  -8.637
     point #  60  energy =  -4.456
New Fermi level:    mu=  -4.092 eV  Charge distance=  0.6532 (partial c.d.=  6.5402)
SCF ITERATION NUMBER  1
     point #   1  energy = -40.000
FMS for a cluster of  123 atoms around atom type   0
FMS for a cluster of  110 atoms around atom type   1
FMS for a cluster of  118 atoms around atom type   2
FMS for a cluster of  122 atoms around atom type   3
     point #  20  energy = -28.714
     point #  40  energy =  -8.195
     point #  60  energy =  -4.092
     point #  80  energy =  -6.229
     point # 100  energy =  -9.826
New Fermi level:    mu= -10.161 eV  Charge distance=  0.2399 (partial c.d.=  3.4505)
SCF ITERATION NUMBER  1
     point #   1  energy = -40.000
FMS for a cluster of  123 atoms around atom type   0
FMS for a cluster of  110 atoms around atom type   1
FMS for a cluster of  118 atoms around atom type   2
FMS for a cluster of  122 atoms around atom type   3
     point #  20  energy = -28.682
     point #  40  energy = -10.161
     point #  60  energy = -10.070
     point #  80  energy =  -8.499
New Fermi level:    mu=  -8.652 eV  Charge distance=  0.1860 (partial c.d.=  0.5568)
SCF ITERATION NUMBER  2
     point #   1  energy = -40.000
     point #  20  energy = -28.877
     point #  40  energy =  -8.652
     point #  60  energy =  -8.612
     point #  80  energy =  -8.152
New Fermi level:    mu=  -8.189 eV  Charge distance=  0.5660 (partial c.d.=  0.1001)
SCF ITERATION NUMBER  3
     point #   1  energy = -40.000
     point #  20  energy = -28.712
     point #  40  energy =  -8.189
     point #  60  energy =  -8.148
     point #  80  energy =  -7.795
New Fermi level:    mu=  -7.797 eV  Charge distance=  0.0514 (partial c.d.=  0.3200)
SCF ITERATION NUMBER  4
     point #   1  energy = -40.000
     point #  20  energy = -28.930
     point #  40  energy =  -8.803
     point #  60  energy =  -7.838
New Fermi level:    mu=  -8.015 eV  Charge distance=  0.0561 (partial c.d.=  0.3868)
SCF ITERATION NUMBER  5
     point #   1  energy = -40.000
     point #  20  energy = -29.005
     point #  40  energy =  -9.015
     point #  60  energy =  -8.056
New Fermi level:    mu=  -8.137 eV  Charge distance=  0.0202 (partial c.d.=  0.6672)
SCF ITERATION NUMBER  6
     point #   1  energy = -40.000
     point #  20  energy = -28.694
     point #  40  energy =  -8.137
     point #  60  energy =  -8.187
New Fermi level:    mu=  -8.206 eV  Charge distance=  0.0288 (partial c.d.=  0.1581)
SCF ITERATION NUMBER  7
     point #   1  energy = -40.000
     point #  20  energy = -28.718
     point #  40  energy =  -8.206
     point #  60  energy =  -8.156
New Fermi level:    mu=  -8.166 eV  Charge distance=  0.0124 (partial c.d.=  0.3623)
SCF ITERATION NUMBER  8
     point #   1  energy = -40.000
     point #  20  energy = -28.704
     point #  40  energy =  -8.166
New Fermi level:    mu=  -8.195 eV  Charge distance=  0.0021 (partial c.d.=  0.1789)
SCF ITERATION NUMBER  9
     point #   1  energy = -40.000
     point #  20  energy = -28.714
     point #  40  energy =  -8.195
New Fermi level:    mu=  -8.186 eV  Charge distance=  0.0026 (partial c.d.=  0.0171)
SCF ITERATION NUMBER 10
     point #   1  energy = -40.000
     point #  20  energy = -28.711
     point #  40  energy =  -8.186
New Fermi level:    mu=  -8.180 eV  Charge distance=  0.0011 (partial c.d.=  0.0113)
SCF ITERATION NUMBER 11
     point #   1  energy = -40.000
     point #  20  energy = -28.709
     point #  40  energy =  -8.180
New Fermi level:    mu=  -8.177 eV  Charge distance=  0.0013 (partial c.d.=  0.0032)
SCF ITERATION NUMBER 12
     point #   1  energy = -40.000
     point #  20  energy = -28.708
     point #  40  energy =  -8.177
New Fermi level:    mu=  -8.174 eV  Charge distance=  0.0001 (partial c.d.=  0.0039)
SCF ITERATION NUMBER 13
     point #   1  energy = -40.000
     point #  20  energy = -28.707
     point #  40  energy =  -8.174
New Fermi level:    mu=  -8.174 eV  Charge distance=  0.0001 (partial c.d.=  0.0006)
SCF ITERATION NUMBER 14
     point #   1  energy = -40.000
     point #  20  energy = -28.707
     point #  40  energy =  -8.174
New Fermi level:    mu=  -8.174 eV  Charge distance=  0.0001 (partial c.d.=  0.0001)
Electronic configuration
  type     l     N_el
     0     0    0.516
     0     1    0.618
     0     2    9.374
     0     3    0.000
     1     0    0.362
     1     1    6.493
     1     2    1.610
     1     3    0.000
     2     0    0.516
     2     1    0.618
     2     2    9.374
     2     3    0.000
     3     0    1.862
     3     1    4.447
     3     2    0.072
     3     3    0.000
Charge transfer:  type  charge
       0   -0.492
       1   -0.535
       2   -0.492
       3    0.380
Convergence reached in   14 iterations.
Done with module: potentials.

Calculating screened core-hole potential ...
FMS for a cluster of   27 atoms around iph =   0
    0% of energy integration
   20%
   40%
   60%
   80%
  100%
Preparing response function.
Computing (1 - K Chi0)^-1 v_ch
Done with module: screened core-hole potential.

Calculating cross-section and phases ...
    absorption cross section
 x0,dx,rnrm,inrm,jnrm   8.80000000000000       5.000000000000000E-002
   2.43114080200018              194         195
    phase shifts for unique potential    0
    phase shifts for unique potential    1
    phase shifts for unique potential    2
    phase shifts for unique potential    3
Done with module: cross-section and phases (XSPH).

FMS calculation of full Green's function ...
FEFF-serial using 1 thread.
Using   194 energy points.
xprep done
FMS for a cluster of  265 atoms
Energy point    1/ 194
Energy point   10/ 194
Energy point   20/ 194
Energy point   30/ 194
Energy point   40/ 194
Energy point   50/ 194
Energy point   60/ 194
Energy point   70/ 194
Energy point   80/ 194
Energy point   90/ 194
Energy point  100/ 194
Energy point  110/ 194
Energy point  120/ 194
Energy point  130/ 194
Energy point  140/ 194
Energy point  150/ 194
Energy point  160/ 194
Energy point  170/ 194
Energy point  180/ 194
Energy point  190/ 194
Done with module: FMS.

MKGTR: Tracing over Green's function ...
Done with module: MKGTR.

Pathfinder: finding scattering paths...
Preparing plane wave scattering amplitudes
Searching for paths
Eliminating path degeneracies
0 paths retained.
Done with module: pathfinder.

Calculating EXAFS parameters ...
Done with module: EXAFS parameters (GENFMT).

Calculating XAS spectra ...
Done with module: XAS spectra (FF2X: DW + final sum over paths).

 
### feff ends at Sun Aug 13 22:21:38 EDT 2023
 
