### feff starts at Sun Aug 13 20:29:28 EDT 2023
### Serial version
### FeffPath is /sdcc/u/mcarbone/software/JFEFF/hsw/feff90/linux
 
Launching FEFF version FEFF 9.9.1
Core hole lifetime is   1.729 eV.
Your calculation:
 comment: None given
 Source:
 Structure Summary:  Cu4 S2 O10
 Reduced formula:  Cu2SO5
 space group: (C2/m), space number:  (12)
 abc:  5.729656   5.729656   7.858913
 angles: 62.743516  62.743516  68.100220
 sites: 16
Cu K edge XANES using RPA corehole.
Using:     * Self-Consistent Field potentials
Using cards:   ATOMS CONTROL EXCHANGE TITLE RPATH POTENTIALS XANES EDGE SCF FMS S02 COREHOLE EGRID

Calculating atomic potentials ...
    overlapped atomic potential and density for unique potential    0
    overlapped atomic potential and density for unique potential    1
    overlapped atomic potential and density for unique potential    2
    overlapped atomic potential and density for unique potential    3
Done with module: atomic potentials.

Calculating SCF potentials ...
FEFF-serial using 1 thread.
Muffin tin radii and interstitial parameters [bohr]:
type, norman radius, muffin tin, overlap factor
    0  1.35353E+00  1.28476E+00  1.14271E+00
    1  1.35353E+00  1.28476E+00  1.14271E+00
    2  1.10630E+00  8.96213E-01  1.15000E+00
    3  1.01347E+00  8.60619E-01  1.15000E+00
Core-valence separation energy:  ecv=   -40.000 eV
Initial Fermi level:              mu=     8.351 eV
SCF ITERATION NUMBER  1
     point #   1  energy = -40.000
FMS for a cluster of  122 atoms around atom type   0
FMS for a cluster of  117 atoms around atom type   1
FMS for a cluster of  108 atoms around atom type   2
FMS for a cluster of  118 atoms around atom type   3
     point #  20  energy = -28.904
     point #  40  energy =  -8.654
     point #  60  energy =  -2.135
New Fermi level:    mu=  -2.478 eV  Charge distance=  0.3078 (partial c.d.=  8.1889)
SCF ITERATION NUMBER  1
     point #   1  energy = -40.000
FMS for a cluster of  122 atoms around atom type   0
FMS for a cluster of  117 atoms around atom type   1
FMS for a cluster of  108 atoms around atom type   2
FMS for a cluster of  118 atoms around atom type   3
     point #  20  energy = -28.845
     point #  40  energy =  -8.563
     point #  60  energy =  -2.478
     point #  80  energy =  -4.125
     point # 100  energy =  -5.100
New Fermi level:    mu=  -5.037 eV  Charge distance=  0.1963 (partial c.d.=  1.8160)
SCF ITERATION NUMBER  1
     point #   1  energy = -40.000
FMS for a cluster of  122 atoms around atom type   0
FMS for a cluster of  117 atoms around atom type   1
FMS for a cluster of  108 atoms around atom type   2
FMS for a cluster of  118 atoms around atom type   3
     point #  20  energy = -29.011
     point #  40  energy =  -9.032
     point #  60  energy =  -5.037
New Fermi level:    mu=  -4.537 eV  Charge distance=  0.1335 (partial c.d.=  0.2931)
SCF ITERATION NUMBER  2
     point #   1  energy = -40.000
     point #  20  energy = -28.854
     point #  40  energy =  -8.590
     point #  60  energy =  -4.537
New Fermi level:    mu=  -4.479 eV  Charge distance=  0.4140 (partial c.d.=  0.0411)
SCF ITERATION NUMBER  3
     point #   1  energy = -40.000
     point #  20  energy = -28.836
     point #  40  energy =  -8.538
     point #  60  energy =  -4.479
New Fermi level:    mu=  -4.573 eV  Charge distance=  0.0114 (partial c.d.=  0.1054)
SCF ITERATION NUMBER  4
     point #   1  energy = -40.000
     point #  20  energy = -28.866
     point #  40  energy =  -8.622
     point #  60  energy =  -4.573
New Fermi level:    mu=  -4.624 eV  Charge distance=  0.0247 (partial c.d.=  0.0211)
SCF ITERATION NUMBER  5
     point #   1  energy = -40.000
     point #  20  energy = -28.882
     point #  40  energy =  -8.667
     point #  60  energy =  -4.624
New Fermi level:    mu=  -4.668 eV  Charge distance=  0.0071 (partial c.d.=  0.0239)
SCF ITERATION NUMBER  6
     point #   1  energy = -40.000
     point #  20  energy = -28.896
     point #  40  energy =  -8.706
     point #  60  energy =  -4.668
New Fermi level:    mu=  -4.668 eV  Charge distance=  0.0044 (partial c.d.=  0.0064)
SCF ITERATION NUMBER  7
     point #   1  energy = -40.000
     point #  20  energy = -28.896
     point #  40  energy =  -8.706
     point #  60  energy =  -4.668
New Fermi level:    mu=  -4.657 eV  Charge distance=  0.0068 (partial c.d.=  0.0028)
SCF ITERATION NUMBER  8
     point #   1  energy = -40.000
     point #  20  energy = -28.892
     point #  40  energy =  -8.696
     point #  60  energy =  -4.657
New Fermi level:    mu=  -4.645 eV  Charge distance=  0.0002 (partial c.d.=  0.0019)
SCF ITERATION NUMBER  9
     point #   1  energy = -40.000
     point #  20  energy = -28.888
     point #  40  energy =  -8.686
     point #  60  energy =  -4.645
New Fermi level:    mu=  -4.645 eV  Charge distance=  0.0001 (partial c.d.=  0.0011)
SCF ITERATION NUMBER 10
     point #   1  energy = -40.000
     point #  20  energy = -28.889
     point #  40  energy =  -8.686
     point #  60  energy =  -4.645
New Fermi level:    mu=  -4.645 eV  Charge distance=  0.0001 (partial c.d.=  0.0003)
SCF ITERATION NUMBER 11
     point #   1  energy = -40.000
     point #  20  energy = -28.889
     point #  40  energy =  -8.686
     point #  60  energy =  -4.645
New Fermi level:    mu=  -4.645 eV  Charge distance=  0.0001 (partial c.d.=  0.0001)
Electronic configuration
  type     l     N_el
     0     0    0.542
     0     1    0.674
     0     2    9.655
     0     3    0.000
     1     0    0.541
     1     1    0.675
     1     2    9.655
     1     3    0.000
     2     0    1.394
     2     1    2.541
     2     2    1.113
     2     3    0.000
     3     0    1.832
     3     1    4.296
     3     2    0.115
     3     3    0.000
Charge transfer:  type  charge
       0   -0.129
       1   -0.129
       2   -0.953
       3    0.242
Convergence reached in   11 iterations.
Done with module: potentials.

Calculating screened core-hole potential ...
FMS for a cluster of   24 atoms around iph =   0
    0% of energy integration
   20%
   40%
   60%
   80%
  100%
Preparing response function.
Computing (1 - K Chi0)^-1 v_ch
Done with module: screened core-hole potential.

Calculating cross-section and phases ...
    absorption cross section
 x0,dx,rnrm,inrm,jnrm   8.80000000000000       5.000000000000000E-002
   2.55779928599997              195         196
    phase shifts for unique potential    0
    phase shifts for unique potential    1
    phase shifts for unique potential    2
    phase shifts for unique potential    3
Done with module: cross-section and phases (XSPH).

FMS calculation of full Green's function ...
FEFF-serial using 1 thread.
Using   194 energy points.
xprep done
FMS for a cluster of  252 atoms
Energy point    1/ 194
Energy point   10/ 194
Energy point   20/ 194
Energy point   30/ 194
Energy point   40/ 194
Energy point   50/ 194
Energy point   60/ 194
Energy point   70/ 194
Energy point   80/ 194
Energy point   90/ 194
Energy point  100/ 194
Energy point  110/ 194
Energy point  120/ 194
Energy point  130/ 194
Energy point  140/ 194
Energy point  150/ 194
Energy point  160/ 194
Energy point  170/ 194
Energy point  180/ 194
Energy point  190/ 194
Done with module: FMS.

MKGTR: Tracing over Green's function ...
Done with module: MKGTR.

Pathfinder: finding scattering paths...
Preparing plane wave scattering amplitudes
Searching for paths
Eliminating path degeneracies
0 paths retained.
Done with module: pathfinder.

Calculating EXAFS parameters ...
Done with module: EXAFS parameters (GENFMT).

Calculating XAS spectra ...
Done with module: XAS spectra (FF2X: DW + final sum over paths).

 
### feff ends at Sun Aug 13 22:04:45 EDT 2023
 
