### feff starts at Mon Aug 14 00:05:27 EDT 2023
### Serial version
### FeffPath is /sdcc/u/mcarbone/software/JFEFF/hsw/feff90/linux
 
Launching FEFF version FEFF 9.9.1
Core hole lifetime is   1.729 eV.
Your calculation:
 comment: None given
 Source:
 Structure Summary:  Cu6 B12 O24
 Reduced formula:  Cu(BO2)2
 space group: (I-42d), space number:  (122)
 abc:  8.672440   8.672440   8.672440
 angles: 96.141297  96.141297 141.816831
 sites: 42
Cu K edge XANES using RPA corehole.
Using:     * Self-Consistent Field potentials
Using cards:   ATOMS CONTROL EXCHANGE TITLE RPATH POTENTIALS XANES EDGE SCF FMS S02 COREHOLE EGRID

Calculating atomic potentials ...
    overlapped atomic potential and density for unique potential    0
    overlapped atomic potential and density for unique potential    1
    overlapped atomic potential and density for unique potential    2
    overlapped atomic potential and density for unique potential    3
Done with module: atomic potentials.

Calculating SCF potentials ...
FEFF-serial using 1 thread.
Muffin tin radii and interstitial parameters [bohr]:
type, norman radius, muffin tin, overlap factor
    0  1.37034E+00  1.30595E+00  1.13000E+00
    1  1.33484E+00  1.26650E+00  1.14404E+00
    2  1.00471E+00  8.41354E-01  1.15000E+00
    3  1.02340E+00  8.92908E-01  1.15000E+00
Core-valence separation energy:  ecv=   -40.000 eV
Initial Fermi level:              mu=     6.136 eV
SCF ITERATION NUMBER  1
     point #   1  energy = -40.000
FMS for a cluster of  155 atoms around atom type   0
FMS for a cluster of  143 atoms around atom type   1
FMS for a cluster of  150 atoms around atom type   2
FMS for a cluster of  164 atoms around atom type   3
     point #  20  energy = -28.939
     point #  40  energy =  -8.689
     point #  60  energy =  -3.039
     point #  80  energy =  -2.548
New Fermi level:    mu=  -2.572 eV  Charge distance=  0.3269 (partial c.d.=  8.1524)
SCF ITERATION NUMBER  1
     point #   1  energy = -40.000
FMS for a cluster of  155 atoms around atom type   0
FMS for a cluster of  143 atoms around atom type   1
FMS for a cluster of  150 atoms around atom type   2
FMS for a cluster of  164 atoms around atom type   3
     point #  20  energy = -28.873
     point #  40  energy =  -8.642
     point #  60  energy =  -2.572
     point #  80  energy =  -4.085
     point # 100  energy =  -7.082
New Fermi level:    mu=  -7.184 eV  Charge distance=  0.0794 (partial c.d.=  1.8372)
SCF ITERATION NUMBER  1
     point #   1  energy = -40.000
FMS for a cluster of  155 atoms around atom type   0
FMS for a cluster of  143 atoms around atom type   1
FMS for a cluster of  150 atoms around atom type   2
FMS for a cluster of  164 atoms around atom type   3
     point #  20  energy = -28.720
     point #  40  energy =  -8.210
     point #  60  energy =  -7.144
     point #  80  energy =  -5.928
New Fermi level:    mu=  -6.239 eV  Charge distance=  0.0575 (partial c.d.=  0.2780)
SCF ITERATION NUMBER  2
     point #   1  energy = -40.000
     point #  20  energy = -28.746
     point #  40  energy =  -8.285
     point #  60  energy =  -6.226
     point #  80  energy =  -6.058
New Fermi level:    mu=  -6.080 eV  Charge distance=  0.1949 (partial c.d.=  0.0291)
SCF ITERATION NUMBER  3
     point #   1  energy = -40.000
     point #  20  energy = -29.026
     point #  40  energy =  -9.073
     point #  60  energy =  -6.068
New Fermi level:    mu=  -5.969 eV  Charge distance=  0.0177 (partial c.d.=  0.0486)
SCF ITERATION NUMBER  4
     point #   1  energy = -40.000
     point #  20  energy = -28.990
     point #  40  energy =  -8.972
     point #  60  energy =  -5.981
New Fermi level:    mu=  -6.026 eV  Charge distance=  0.0052 (partial c.d.=  0.0389)
SCF ITERATION NUMBER  5
     point #   1  energy = -40.000
     point #  20  energy = -29.008
     point #  40  energy =  -9.024
     point #  60  energy =  -6.038
New Fermi level:    mu=  -6.086 eV  Charge distance=  0.0048 (partial c.d.=  0.0105)
SCF ITERATION NUMBER  6
     point #   1  energy = -40.000
     point #  20  energy = -28.695
     point #  40  energy =  -8.141
     point #  60  energy =  -6.111
New Fermi level:    mu=  -6.105 eV  Charge distance=  0.0004 (partial c.d.=  0.0057)
SCF ITERATION NUMBER  7
     point #   1  energy = -40.000
     point #  20  energy = -28.702
     point #  40  energy =  -8.159
New Fermi level:    mu=  -6.102 eV  Charge distance=  0.0033 (partial c.d.=  0.0012)
SCF ITERATION NUMBER  8
     point #   1  energy = -40.000
     point #  20  energy = -28.701
     point #  40  energy =  -8.156
New Fermi level:    mu=  -6.098 eV  Charge distance=  0.0002 (partial c.d.=  0.0025)
SCF ITERATION NUMBER  9
     point #   1  energy = -40.000
     point #  20  energy = -28.699
     point #  40  energy =  -8.153
New Fermi level:    mu=  -6.099 eV  Charge distance=  0.0001 (partial c.d.=  0.0010)
SCF ITERATION NUMBER 10
     point #   1  energy = -40.000
     point #  20  energy = -28.700
     point #  40  energy =  -8.154
New Fermi level:    mu=  -6.099 eV  Charge distance=  0.0002 (partial c.d.=  0.0001)
Electronic configuration
  type     l     N_el
     0     0    0.494
     0     1    0.671
     0     2    9.658
     0     3    0.000
     1     0    0.516
     1     1    0.735
     1     2    9.558
     1     3    0.000
     2     0    0.818
     2     1    1.745
     2     2    0.000
     2     3    0.000
     3     0    1.790
     3     1    4.394
     3     2    0.081
     3     3    0.000
Charge transfer:  type  charge
       0   -0.177
       1   -0.190
       2   -0.437
       3    0.266
Convergence reached in   10 iterations.
Done with module: potentials.

Calculating screened core-hole potential ...
FMS for a cluster of   29 atoms around iph =   0
    0% of energy integration
   20%
   40%
   60%
   80%
  100%
Preparing response function.
Computing (1 - K Chi0)^-1 v_ch
Done with module: screened core-hole potential.

Calculating cross-section and phases ...
    absorption cross section
 x0,dx,rnrm,inrm,jnrm   8.80000000000000       5.000000000000000E-002
   2.58956583800020              196         197
    phase shifts for unique potential    0
    phase shifts for unique potential    1
    phase shifts for unique potential    2
    phase shifts for unique potential    3
Done with module: cross-section and phases (XSPH).

FMS calculation of full Green's function ...
FEFF-serial using 1 thread.
Using   194 energy points.
xprep done
FMS for a cluster of  327 atoms
Energy point    1/ 194
Energy point   10/ 194
Energy point   20/ 194
Energy point   30/ 194
Energy point   40/ 194
Energy point   50/ 194
Energy point   60/ 194
Energy point   70/ 194
Energy point   80/ 194
Energy point   90/ 194
Energy point  100/ 194
Energy point  110/ 194
Energy point  120/ 194
Energy point  130/ 194
Energy point  140/ 194
Energy point  150/ 194
Energy point  160/ 194
Energy point  170/ 194
Energy point  180/ 194
Energy point  190/ 194
Done with module: FMS.

MKGTR: Tracing over Green's function ...
Done with module: MKGTR.

Pathfinder: finding scattering paths...
Preparing plane wave scattering amplitudes
Searching for paths
Eliminating path degeneracies
0 paths retained.
Done with module: pathfinder.

Calculating EXAFS parameters ...
Done with module: EXAFS parameters (GENFMT).

Calculating XAS spectra ...
Done with module: XAS spectra (FF2X: DW + final sum over paths).

 
### feff ends at Mon Aug 14 02:24:42 EDT 2023
 
